[I 210220 11:29:32 dataset_url_spider:61] Total number of dataset URLs: 96 on https://cds.climate.copernicus.eu/cdsapp#!/search?type=dataset
[I 210220 11:34:38 dataset_url_spider:116] Total number of dataset URLs: 8 on https://ads.atmosphere.copernicus.eu/cdsapp#!/search?type=dataset
[I 210222 15:34:33 ScrapeSpider:96] 82 Total number of parameters and 1 Total number of descriptions
[I 210223 17:08:37 DataSpider_skeleton:105] 82 Total number of parameters and 1 Total number of descriptions
[I 210223 17:12:08 DataSpider_skeleton:105] 82 Total number of parameters and 1 Total number of descriptions
[I 210223 17:12:09 DataSpider_skeleton:105] 20 Total number of parameters and 1 Total number of descriptions
[I 210223 17:12:10 DataSpider_skeleton:105] 102 Total number of parameters and 1 Total number of descriptions
[I 210223 17:12:10 DataSpider_skeleton:105] 7 Total number of parameters and 1 Total number of descriptions
[I 210223 17:12:11 DataSpider_skeleton:105] 4 Total number of parameters and 1 Total number of descriptions
[I 210223 17:12:13 DataSpider_skeleton:105] 156 Total number of parameters and 1 Total number of descriptions
[I 210223 20:39:28 DataSpider:111] 82 Total number of parameters and 1 Total number of descriptions for url no. 1
[I 210223 20:39:29 DataSpider:111] 20 Total number of parameters and 1 Total number of descriptions for url no. 2
[I 210223 20:39:32 DataSpider:111] 102 Total number of parameters and 1 Total number of descriptions for url no. 3
[I 210223 20:39:32 DataSpider:111] 7 Total number of parameters and 1 Total number of descriptions for url no. 4
[I 210223 20:39:33 DataSpider:111] 4 Total number of parameters and 1 Total number of descriptions for url no. 5
[I 210223 20:39:36 DataSpider:111] 156 Total number of parameters and 1 Total number of descriptions for url no. 6
[I 210223 20:49:43 DataSpider:108] 82 Total number of parameters and 1 Total number of descriptions for url no. 1
[I 210223 20:49:44 DataSpider:108] 20 Total number of parameters and 1 Total number of descriptions for url no. 2
[I 210223 20:49:47 DataSpider:108] 102 Total number of parameters and 1 Total number of descriptions for url no. 3
[I 210223 20:49:47 DataSpider:108] 7 Total number of parameters and 1 Total number of descriptions for url no. 4
[I 210223 20:49:48 DataSpider:108] 4 Total number of parameters and 1 Total number of descriptions for url no. 5
[I 210223 20:49:52 DataSpider:108] 156 Total number of parameters and 1 Total number of descriptions for url no. 6
[I 210223 20:50:02 DataSpider:108] 0 Total number of parameters and 1 Total number of descriptions for url no. 7
[I 210223 20:50:03 DataSpider:108] 21 Total number of parameters and 1 Total number of descriptions for url no. 8
[I 210223 20:50:03 DataSpider:109] 8 Total number of urls scraped
[I 210223 20:54:21 DataSpider:109] 81 Total number of parameters and 1 Total number of descriptions for url no. 1
[I 210223 20:54:23 DataSpider:109] 19 Total number of parameters and 1 Total number of descriptions for url no. 2
[I 210223 20:54:27 DataSpider:109] 101 Total number of parameters and 1 Total number of descriptions for url no. 3
[I 210223 20:54:27 DataSpider:109] 6 Total number of parameters and 1 Total number of descriptions for url no. 4
[I 210223 20:54:28 DataSpider:109] 3 Total number of parameters and 1 Total number of descriptions for url no. 5
[I 210223 20:54:33 DataSpider:109] 155 Total number of parameters and 1 Total number of descriptions for url no. 6
[I 210223 20:54:44 DataSpider:109] 0 Total number of parameters and 1 Total number of descriptions for url no. 7
[I 210223 20:54:45 DataSpider:109] 20 Total number of parameters and 1 Total number of descriptions for url no. 8
[I 210223 20:54:45 DataSpider:110] 8 Total number of urls scraped
[I 210223 21:59:54 CDSDataSpider:109] 2 Total number of parameters and 1 Total number of descriptions for url no. 1
[I 210223 21:59:54 CDSDataSpider:109] 2 Total number of parameters and 1 Total number of descriptions for url no. 2
[I 210223 21:59:55 CDSDataSpider:109] 9 Total number of parameters and 1 Total number of descriptions for url no. 3
[I 210223 21:59:56 CDSDataSpider:109] 2 Total number of parameters and 1 Total number of descriptions for url no. 4
[I 210223 21:59:57 CDSDataSpider:109] 5 Total number of parameters and 1 Total number of descriptions for url no. 5
[I 210223 21:59:58 CDSDataSpider:109] 40 Total number of parameters and 1 Total number of descriptions for url no. 6
[I 210223 21:59:59 CDSDataSpider:109] 7 Total number of parameters and 1 Total number of descriptions for url no. 7
[I 210223 22:00:00 CDSDataSpider:109] 6 Total number of parameters and 1 Total number of descriptions for url no. 8
[I 210223 22:00:01 CDSDataSpider:109] 6 Total number of parameters and 1 Total number of descriptions for url no. 9
[I 210223 22:00:11 CDSDataSpider:109] 0 Total number of parameters and 1 Total number of descriptions for url no. 10
[I 210223 22:00:12 CDSDataSpider:109] 6 Total number of parameters and 1 Total number of descriptions for url no. 11
[I 210223 22:00:22 CDSDataSpider:109] 0 Total number of parameters and 1 Total number of descriptions for url no. 12
[I 210223 22:00:25 CDSDataSpider:109] 24 Total number of parameters and 1 Total number of descriptions for url no. 13
[I 210223 22:00:28 CDSDataSpider:109] 38 Total number of parameters and 1 Total number of descriptions for url no. 14
[I 210223 22:00:31 CDSDataSpider:109] 10 Total number of parameters and 1 Total number of descriptions for url no. 15
[I 210223 22:00:32 CDSDataSpider:109] 6 Total number of parameters and 1 Total number of descriptions for url no. 16
[I 210223 22:00:33 CDSDataSpider:109] 4 Total number of parameters and 1 Total number of descriptions for url no. 17
[I 210223 22:00:44 CDSDataSpider:109] 0 Total number of parameters and 1 Total number of descriptions for url no. 18
[I 210223 22:00:54 CDSDataSpider:109] 0 Total number of parameters and 1 Total number of descriptions for url no. 19
[I 210223 22:00:55 CDSDataSpider:109] 5 Total number of parameters and 1 Total number of descriptions for url no. 20
[I 210223 22:00:56 CDSDataSpider:109] 2 Total number of parameters and 1 Total number of descriptions for url no. 21
[I 210223 22:00:57 CDSDataSpider:109] 19 Total number of parameters and 1 Total number of descriptions for url no. 22
[I 210223 22:00:58 CDSDataSpider:109] 9 Total number of parameters and 1 Total number of descriptions for url no. 23
[I 210223 22:00:58 CDSDataSpider:109] 6 Total number of parameters and 1 Total number of descriptions for url no. 24
[I 210223 22:00:59 CDSDataSpider:109] 1 Total number of parameters and 1 Total number of descriptions for url no. 25
[I 210223 22:01:00 CDSDataSpider:109] 11 Total number of parameters and 1 Total number of descriptions for url no. 26
[I 210223 22:01:00 CDSDataSpider:109] 4 Total number of parameters and 1 Total number of descriptions for url no. 27
[I 210223 22:01:01 CDSDataSpider:109] 4 Total number of parameters and 1 Total number of descriptions for url no. 28
[I 210223 22:01:02 CDSDataSpider:109] 2 Total number of parameters and 1 Total number of descriptions for url no. 29
[I 210223 22:01:03 CDSDataSpider:109] 17 Total number of parameters and 2 Total number of descriptions for url no. 30
[I 210223 22:01:03 CDSDataSpider:109] 6 Total number of parameters and 1 Total number of descriptions for url no. 31
[I 210223 22:01:04 CDSDataSpider:109] 2 Total number of parameters and 1 Total number of descriptions for url no. 32
[I 210223 22:01:05 CDSDataSpider:109] 2 Total number of parameters and 1 Total number of descriptions for url no. 33
[I 210223 22:01:05 CDSDataSpider:109] 2 Total number of parameters and 1 Total number of descriptions for url no. 34
[I 210223 22:01:06 CDSDataSpider:109] 6 Total number of parameters and 1 Total number of descriptions for url no. 35
[I 210223 22:01:07 CDSDataSpider:109] 5 Total number of parameters and 1 Total number of descriptions for url no. 36
[I 210223 22:01:07 CDSDataSpider:109] 4 Total number of parameters and 1 Total number of descriptions for url no. 37
[I 210223 22:01:08 CDSDataSpider:109] 6 Total number of parameters and 1 Total number of descriptions for url no. 38
[I 210223 22:01:08 CDSDataSpider:109] 4 Total number of parameters and 1 Total number of descriptions for url no. 39
[I 210223 22:01:09 CDSDataSpider:109] 6 Total number of parameters and 1 Total number of descriptions for url no. 40
[I 210223 22:01:10 CDSDataSpider:109] 6 Total number of parameters and 1 Total number of descriptions for url no. 41
[I 210223 22:01:11 CDSDataSpider:109] 2 Total number of parameters and 1 Total number of descriptions for url no. 42
[I 210223 22:01:12 CDSDataSpider:109] 14 Total number of parameters and 4 Total number of descriptions for url no. 43
[I 210223 22:01:14 CDSDataSpider:109] 26 Total number of parameters and 1 Total number of descriptions for url no. 44
[I 210223 22:01:15 CDSDataSpider:109] 12 Total number of parameters and 1 Total number of descriptions for url no. 45
[I 210223 22:01:15 CDSDataSpider:109] 5 Total number of parameters and 1 Total number of descriptions for url no. 46
[I 210223 22:01:16 CDSDataSpider:109] 2 Total number of parameters and 1 Total number of descriptions for url no. 47
[I 210223 22:01:18 CDSDataSpider:109] 20 Total number of parameters and 1 Total number of descriptions for url no. 48
[I 210223 22:01:19 CDSDataSpider:109] 11 Total number of parameters and 1 Total number of descriptions for url no. 49
[I 210223 22:01:20 CDSDataSpider:109] 4 Total number of parameters and 1 Total number of descriptions for url no. 50
[I 210223 22:01:21 CDSDataSpider:109] 6 Total number of parameters and 1 Total number of descriptions for url no. 51
[I 210223 22:01:22 CDSDataSpider:109] 8 Total number of parameters and 1 Total number of descriptions for url no. 52
[I 210223 22:01:22 CDSDataSpider:109] 2 Total number of parameters and 1 Total number of descriptions for url no. 53
[I 210223 22:01:23 CDSDataSpider:109] 2 Total number of parameters and 1 Total number of descriptions for url no. 54
[I 210223 22:01:25 CDSDataSpider:109] 39 Total number of parameters and 1 Total number of descriptions for url no. 55
[I 210223 22:01:26 CDSDataSpider:109] 18 Total number of parameters and 1 Total number of descriptions for url no. 56
[I 210223 22:01:27 CDSDataSpider:109] 5 Total number of parameters and 1 Total number of descriptions for url no. 57
[I 210223 22:01:28 CDSDataSpider:109] 4 Total number of parameters and 1 Total number of descriptions for url no. 58
[I 210223 22:01:29 CDSDataSpider:109] 5 Total number of parameters and 1 Total number of descriptions for url no. 59
[I 210223 22:01:30 CDSDataSpider:109] 5 Total number of parameters and 1 Total number of descriptions for url no. 60
[I 210223 22:01:30 CDSDataSpider:109] 5 Total number of parameters and 1 Total number of descriptions for url no. 61
[I 210223 22:01:31 CDSDataSpider:109] 2 Total number of parameters and 1 Total number of descriptions for url no. 62
[I 210223 22:01:32 CDSDataSpider:109] 3 Total number of parameters and 1 Total number of descriptions for url no. 63
[I 210223 22:01:33 CDSDataSpider:109] 7 Total number of parameters and 1 Total number of descriptions for url no. 64
[I 210223 22:01:34 CDSDataSpider:109] 4 Total number of parameters and 1 Total number of descriptions for url no. 65
[I 210223 22:01:34 CDSDataSpider:109] 6 Total number of parameters and 1 Total number of descriptions for url no. 66
[I 210223 22:01:35 CDSDataSpider:109] 1 Total number of parameters and 1 Total number of descriptions for url no. 67
[I 210223 22:01:36 CDSDataSpider:109] 9 Total number of parameters and 1 Total number of descriptions for url no. 68
[I 210223 22:01:37 CDSDataSpider:109] 5 Total number of parameters and 1 Total number of descriptions for url no. 69
[I 210223 22:01:38 CDSDataSpider:109] 7 Total number of parameters and 1 Total number of descriptions for url no. 70
[I 210223 22:01:40 CDSDataSpider:109] 32 Total number of parameters and 1 Total number of descriptions for url no. 71
[I 210223 22:01:41 CDSDataSpider:109] 5 Total number of parameters and 1 Total number of descriptions for url no. 72
[I 210223 22:01:44 CDSDataSpider:109] 33 Total number of parameters and 1 Total number of descriptions for url no. 73
[I 210223 22:01:46 CDSDataSpider:109] 32 Total number of parameters and 1 Total number of descriptions for url no. 74
[I 210223 22:01:47 CDSDataSpider:109] 5 Total number of parameters and 1 Total number of descriptions for url no. 75
[I 210223 22:01:48 CDSDataSpider:109] 5 Total number of parameters and 1 Total number of descriptions for url no. 76
[I 210223 22:01:49 CDSDataSpider:109] 14 Total number of parameters and 1 Total number of descriptions for url no. 77
[I 210223 22:01:50 CDSDataSpider:109] 3 Total number of parameters and 1 Total number of descriptions for url no. 78
[I 210223 22:01:51 CDSDataSpider:109] 7 Total number of parameters and 1 Total number of descriptions for url no. 79
[I 210223 22:02:03 CDSDataSpider:109] 265 Total number of parameters and 1 Total number of descriptions for url no. 80
[I 210223 22:02:13 CDSDataSpider:109] 260 Total number of parameters and 1 Total number of descriptions for url no. 81
[I 210223 22:02:25 CDSDataSpider:109] 260 Total number of parameters and 1 Total number of descriptions for url no. 82
[I 210223 22:02:26 CDSDataSpider:109] 16 Total number of parameters and 1 Total number of descriptions for url no. 83
[I 210223 22:02:28 CDSDataSpider:109] 16 Total number of parameters and 1 Total number of descriptions for url no. 84
[I 210223 22:02:29 CDSDataSpider:109] 16 Total number of parameters and 1 Total number of descriptions for url no. 85
[I 210223 22:02:32 CDSDataSpider:109] 50 Total number of parameters and 1 Total number of descriptions for url no. 86
[I 210223 22:02:33 CDSDataSpider:109] 14 Total number of parameters and 1 Total number of descriptions for url no. 87
[I 210223 22:02:33 CDSDataSpider:109] 2 Total number of parameters and 1 Total number of descriptions for url no. 88
[I 210223 22:02:34 CDSDataSpider:109] 2 Total number of parameters and 1 Total number of descriptions for url no. 89
[I 210223 22:02:35 CDSDataSpider:109] 2 Total number of parameters and 1 Total number of descriptions for url no. 90
[I 210223 22:02:38 CDSDataSpider:109] 50 Total number of parameters and 1 Total number of descriptions for url no. 91
[I 210223 22:02:39 CDSDataSpider:109] 16 Total number of parameters and 1 Total number of descriptions for url no. 92
[I 210223 22:02:50 CDSDataSpider:109] 265 Total number of parameters and 1 Total number of descriptions for url no. 93
[I 210223 22:02:52 CDSDataSpider:109] 12 Total number of parameters and 3 Total number of descriptions for url no. 94
[I 210223 22:02:52 CDSDataSpider:109] 4 Total number of parameters and 1 Total number of descriptions for url no. 95
[I 210223 22:02:54 CDSDataSpider:109] 7 Total number of parameters and 1 Total number of descriptions for url no. 96
[I 210223 22:02:54 CDSDataSpider:110] 96 Total number of urls scraped
[I 210314 12:25:39 CDSDataSpider:112] 2 Total number of parameters and 1 Total number of descriptions for url no. 1
[I 210314 12:25:39 CDSDataSpider:112] 2 Total number of parameters and 1 Total number of descriptions for url no. 2
[I 210314 12:25:40 CDSDataSpider:112] 9 Total number of parameters and 1 Total number of descriptions for url no. 3
[I 210314 12:25:41 CDSDataSpider:112] 2 Total number of parameters and 1 Total number of descriptions for url no. 4
[I 210314 12:25:41 CDSDataSpider:112] 5 Total number of parameters and 1 Total number of descriptions for url no. 5
[I 210314 12:25:42 CDSDataSpider:112] 40 Total number of parameters and 1 Total number of descriptions for url no. 6
[I 210314 12:25:43 CDSDataSpider:112] 7 Total number of parameters and 1 Total number of descriptions for url no. 7
[I 210314 12:25:43 CDSDataSpider:112] 6 Total number of parameters and 1 Total number of descriptions for url no. 8
[I 210314 12:25:44 CDSDataSpider:112] 6 Total number of parameters and 1 Total number of descriptions for url no. 9
[I 210314 12:25:54 CDSDataSpider:112] 0 Total number of parameters and 1 Total number of descriptions for url no. 10
[I 210314 12:25:55 CDSDataSpider:112] 6 Total number of parameters and 1 Total number of descriptions for url no. 11
[I 210314 12:26:05 CDSDataSpider:112] 0 Total number of parameters and 1 Total number of descriptions for url no. 12
[I 210314 12:26:08 CDSDataSpider:112] 24 Total number of parameters and 1 Total number of descriptions for url no. 13
[I 210314 12:26:10 CDSDataSpider:112] 38 Total number of parameters and 1 Total number of descriptions for url no. 14
[I 210314 12:26:11 CDSDataSpider:112] 10 Total number of parameters and 1 Total number of descriptions for url no. 15
[I 210314 12:26:12 CDSDataSpider:112] 6 Total number of parameters and 1 Total number of descriptions for url no. 16
[I 210314 12:26:14 CDSDataSpider:112] 4 Total number of parameters and 1 Total number of descriptions for url no. 17
[I 210314 12:26:24 CDSDataSpider:112] 0 Total number of parameters and 1 Total number of descriptions for url no. 18
[I 210314 12:26:34 CDSDataSpider:112] 0 Total number of parameters and 1 Total number of descriptions for url no. 19
[I 210314 12:26:34 CDSDataSpider:112] 5 Total number of parameters and 1 Total number of descriptions for url no. 20
[I 210314 12:26:35 CDSDataSpider:112] 2 Total number of parameters and 1 Total number of descriptions for url no. 21
[I 210314 12:26:36 CDSDataSpider:112] 19 Total number of parameters and 1 Total number of descriptions for url no. 22
[I 210314 12:26:36 CDSDataSpider:112] 9 Total number of parameters and 1 Total number of descriptions for url no. 23
[I 210314 12:26:36 CDSDataSpider:112] 6 Total number of parameters and 1 Total number of descriptions for url no. 24
[I 210314 12:26:37 CDSDataSpider:112] 1 Total number of parameters and 1 Total number of descriptions for url no. 25
[I 210314 12:26:37 CDSDataSpider:112] 11 Total number of parameters and 1 Total number of descriptions for url no. 26
[I 210314 12:26:38 CDSDataSpider:112] 4 Total number of parameters and 1 Total number of descriptions for url no. 27
[I 210314 12:26:38 CDSDataSpider:112] 4 Total number of parameters and 1 Total number of descriptions for url no. 28
[I 210314 12:26:39 CDSDataSpider:112] 2 Total number of parameters and 1 Total number of descriptions for url no. 29
[I 210314 12:26:39 CDSDataSpider:112] 17 Total number of parameters and 2 Total number of descriptions for url no. 30
[I 210314 12:26:39 CDSDataSpider:112] 6 Total number of parameters and 1 Total number of descriptions for url no. 31
[I 210314 12:26:40 CDSDataSpider:112] 2 Total number of parameters and 1 Total number of descriptions for url no. 32
[I 210314 12:26:40 CDSDataSpider:112] 2 Total number of parameters and 1 Total number of descriptions for url no. 33
[I 210314 12:26:40 CDSDataSpider:112] 2 Total number of parameters and 1 Total number of descriptions for url no. 34
[I 210314 12:26:41 CDSDataSpider:112] 6 Total number of parameters and 1 Total number of descriptions for url no. 35
[I 210314 12:26:41 CDSDataSpider:112] 5 Total number of parameters and 1 Total number of descriptions for url no. 36
[I 210314 12:26:42 CDSDataSpider:112] 4 Total number of parameters and 1 Total number of descriptions for url no. 37
[I 210314 12:26:42 CDSDataSpider:112] 6 Total number of parameters and 1 Total number of descriptions for url no. 38
[I 210314 12:26:42 CDSDataSpider:112] 4 Total number of parameters and 1 Total number of descriptions for url no. 39
[I 210314 12:26:43 CDSDataSpider:112] 6 Total number of parameters and 1 Total number of descriptions for url no. 40
[I 210314 12:26:43 CDSDataSpider:112] 6 Total number of parameters and 1 Total number of descriptions for url no. 41
[I 210314 12:26:43 CDSDataSpider:112] 2 Total number of parameters and 1 Total number of descriptions for url no. 42
[I 210314 12:26:44 CDSDataSpider:112] 14 Total number of parameters and 4 Total number of descriptions for url no. 43
[I 210314 12:26:45 CDSDataSpider:112] 26 Total number of parameters and 1 Total number of descriptions for url no. 44
[I 210314 12:26:45 CDSDataSpider:112] 12 Total number of parameters and 1 Total number of descriptions for url no. 45
[I 210314 12:26:45 CDSDataSpider:112] 5 Total number of parameters and 1 Total number of descriptions for url no. 46
[I 210314 12:26:46 CDSDataSpider:112] 2 Total number of parameters and 1 Total number of descriptions for url no. 47
[I 210314 12:26:46 CDSDataSpider:112] 20 Total number of parameters and 1 Total number of descriptions for url no. 48
[I 210314 12:26:47 CDSDataSpider:112] 11 Total number of parameters and 1 Total number of descriptions for url no. 49
[I 210314 12:26:48 CDSDataSpider:112] 4 Total number of parameters and 1 Total number of descriptions for url no. 50
[I 210314 12:26:48 CDSDataSpider:112] 6 Total number of parameters and 1 Total number of descriptions for url no. 51
[I 210314 12:26:48 CDSDataSpider:112] 8 Total number of parameters and 1 Total number of descriptions for url no. 52
[I 210314 12:26:49 CDSDataSpider:112] 2 Total number of parameters and 1 Total number of descriptions for url no. 53
[I 210314 12:26:49 CDSDataSpider:112] 2 Total number of parameters and 1 Total number of descriptions for url no. 54
[I 210314 12:26:50 CDSDataSpider:112] 39 Total number of parameters and 1 Total number of descriptions for url no. 55
[I 210314 12:26:51 CDSDataSpider:112] 18 Total number of parameters and 1 Total number of descriptions for url no. 56
[I 210314 12:26:51 CDSDataSpider:112] 5 Total number of parameters and 1 Total number of descriptions for url no. 57
[I 210314 12:26:52 CDSDataSpider:112] 4 Total number of parameters and 1 Total number of descriptions for url no. 58
[I 210314 12:26:52 CDSDataSpider:112] 5 Total number of parameters and 1 Total number of descriptions for url no. 59
[I 210314 12:26:52 CDSDataSpider:112] 5 Total number of parameters and 1 Total number of descriptions for url no. 60
[I 210314 12:26:53 CDSDataSpider:112] 5 Total number of parameters and 1 Total number of descriptions for url no. 61
[I 210314 12:26:53 CDSDataSpider:112] 2 Total number of parameters and 1 Total number of descriptions for url no. 62
[I 210314 12:26:53 CDSDataSpider:112] 3 Total number of parameters and 1 Total number of descriptions for url no. 63
[I 210314 12:26:54 CDSDataSpider:112] 7 Total number of parameters and 1 Total number of descriptions for url no. 64
[I 210314 12:26:54 CDSDataSpider:112] 4 Total number of parameters and 1 Total number of descriptions for url no. 65
[I 210314 12:26:55 CDSDataSpider:112] 6 Total number of parameters and 1 Total number of descriptions for url no. 66
[I 210314 12:26:55 CDSDataSpider:112] 1 Total number of parameters and 1 Total number of descriptions for url no. 67
[I 210314 12:26:55 CDSDataSpider:112] 9 Total number of parameters and 1 Total number of descriptions for url no. 68
[I 210314 12:26:56 CDSDataSpider:112] 5 Total number of parameters and 1 Total number of descriptions for url no. 69
[I 210314 12:26:56 CDSDataSpider:112] 7 Total number of parameters and 1 Total number of descriptions for url no. 70
[I 210314 12:26:57 CDSDataSpider:112] 32 Total number of parameters and 1 Total number of descriptions for url no. 71
[I 210314 12:26:58 CDSDataSpider:112] 5 Total number of parameters and 1 Total number of descriptions for url no. 72
[I 210314 12:27:00 CDSDataSpider:112] 33 Total number of parameters and 1 Total number of descriptions for url no. 73
[I 210314 12:27:01 CDSDataSpider:112] 32 Total number of parameters and 1 Total number of descriptions for url no. 74
[I 210314 12:27:02 CDSDataSpider:112] 5 Total number of parameters and 1 Total number of descriptions for url no. 75
[I 210314 12:27:02 CDSDataSpider:112] 5 Total number of parameters and 1 Total number of descriptions for url no. 76
[I 210314 12:27:03 CDSDataSpider:112] 14 Total number of parameters and 1 Total number of descriptions for url no. 77
[I 210314 12:27:03 CDSDataSpider:112] 3 Total number of parameters and 1 Total number of descriptions for url no. 78
[I 210314 12:27:04 CDSDataSpider:112] 7 Total number of parameters and 1 Total number of descriptions for url no. 79
[I 210314 12:27:11 CDSDataSpider:112] 265 Total number of parameters and 1 Total number of descriptions for url no. 80
[I 210314 12:27:18 CDSDataSpider:112] 260 Total number of parameters and 1 Total number of descriptions for url no. 81
[I 210314 12:27:26 CDSDataSpider:112] 260 Total number of parameters and 1 Total number of descriptions for url no. 82
[I 210314 12:27:27 CDSDataSpider:112] 16 Total number of parameters and 1 Total number of descriptions for url no. 83
[I 210314 12:27:28 CDSDataSpider:112] 16 Total number of parameters and 1 Total number of descriptions for url no. 84
[I 210314 12:27:29 CDSDataSpider:112] 16 Total number of parameters and 1 Total number of descriptions for url no. 85
[I 210314 12:27:30 CDSDataSpider:112] 50 Total number of parameters and 1 Total number of descriptions for url no. 86
[I 210314 12:27:31 CDSDataSpider:112] 14 Total number of parameters and 1 Total number of descriptions for url no. 87
[I 210314 12:27:32 CDSDataSpider:112] 2 Total number of parameters and 1 Total number of descriptions for url no. 88
[I 210314 12:27:33 CDSDataSpider:112] 2 Total number of parameters and 1 Total number of descriptions for url no. 89
[I 210314 12:27:33 CDSDataSpider:112] 2 Total number of parameters and 1 Total number of descriptions for url no. 90
[I 210314 12:27:35 CDSDataSpider:112] 50 Total number of parameters and 1 Total number of descriptions for url no. 91
[I 210314 12:27:36 CDSDataSpider:112] 16 Total number of parameters and 1 Total number of descriptions for url no. 92
[I 210314 12:27:46 CDSDataSpider:112] 265 Total number of parameters and 1 Total number of descriptions for url no. 93
[I 210314 12:27:46 CDSDataSpider:112] 12 Total number of parameters and 3 Total number of descriptions for url no. 94
[I 210314 12:27:47 CDSDataSpider:112] 4 Total number of parameters and 1 Total number of descriptions for url no. 95
[I 210314 12:27:48 CDSDataSpider:112] 7 Total number of parameters and 1 Total number of descriptions for url no. 96
[I 210314 12:27:48 CDSDataSpider:113] 96 Total number of urls scraped
[I 210314 12:35:49 dataset_url_spider:79] Total number of dataset URLs: 100 on https://cds.climate.copernicus.eu/cdsapp#!/search?type=dataset
[I 210314 12:36:50 dataset_url_spider:141] Total number of dataset URLs: 8 on https://ads.atmosphere.copernicus.eu/cdsapp#!/search?type=dataset
[I 210314 12:42:53 ADSDataSpider:112] 81 Total number of parameters and 1 Total number of descriptions for url no. 1
[I 210314 12:42:54 ADSDataSpider:112] 19 Total number of parameters and 1 Total number of descriptions for url no. 2
[I 210314 12:42:55 ADSDataSpider:112] 101 Total number of parameters and 1 Total number of descriptions for url no. 3
[I 210314 12:42:56 ADSDataSpider:112] 6 Total number of parameters and 1 Total number of descriptions for url no. 4
[I 210314 12:42:56 ADSDataSpider:112] 3 Total number of parameters and 1 Total number of descriptions for url no. 5
[I 210314 12:42:59 ADSDataSpider:112] 155 Total number of parameters and 1 Total number of descriptions for url no. 6
[I 210314 12:43:09 ADSDataSpider:112] 0 Total number of parameters and 1 Total number of descriptions for url no. 7
[I 210314 12:43:10 ADSDataSpider:112] 20 Total number of parameters and 1 Total number of descriptions for url no. 8
[I 210314 12:43:10 ADSDataSpider:113] 8 Total number of urls scraped
