[I 210220 11:29:32 dataset_url_spider:61] Total number of dataset URLs: 96 on https://cds.climate.copernicus.eu/cdsapp#!/search?type=dataset
[I 210220 11:34:38 dataset_url_spider:116] Total number of dataset URLs: 8 on https://ads.atmosphere.copernicus.eu/cdsapp#!/search?type=dataset
[I 210222 15:34:33 ScrapeSpider:96] 82 Total number of parameters and 1 Total number of descriptions
[I 210223 17:08:37 DataSpider_skeleton:105] 82 Total number of parameters and 1 Total number of descriptions
[I 210223 17:12:08 DataSpider_skeleton:105] 82 Total number of parameters and 1 Total number of descriptions
[I 210223 17:12:09 DataSpider_skeleton:105] 20 Total number of parameters and 1 Total number of descriptions
[I 210223 17:12:10 DataSpider_skeleton:105] 102 Total number of parameters and 1 Total number of descriptions
[I 210223 17:12:10 DataSpider_skeleton:105] 7 Total number of parameters and 1 Total number of descriptions
[I 210223 17:12:11 DataSpider_skeleton:105] 4 Total number of parameters and 1 Total number of descriptions
[I 210223 17:12:13 DataSpider_skeleton:105] 156 Total number of parameters and 1 Total number of descriptions
[I 210223 20:39:28 DataSpider:111] 82 Total number of parameters and 1 Total number of descriptions for url no. 1
[I 210223 20:39:29 DataSpider:111] 20 Total number of parameters and 1 Total number of descriptions for url no. 2
[I 210223 20:39:32 DataSpider:111] 102 Total number of parameters and 1 Total number of descriptions for url no. 3
[I 210223 20:39:32 DataSpider:111] 7 Total number of parameters and 1 Total number of descriptions for url no. 4
[I 210223 20:39:33 DataSpider:111] 4 Total number of parameters and 1 Total number of descriptions for url no. 5
[I 210223 20:39:36 DataSpider:111] 156 Total number of parameters and 1 Total number of descriptions for url no. 6
[I 210223 20:49:43 DataSpider:108] 82 Total number of parameters and 1 Total number of descriptions for url no. 1
[I 210223 20:49:44 DataSpider:108] 20 Total number of parameters and 1 Total number of descriptions for url no. 2
[I 210223 20:49:47 DataSpider:108] 102 Total number of parameters and 1 Total number of descriptions for url no. 3
[I 210223 20:49:47 DataSpider:108] 7 Total number of parameters and 1 Total number of descriptions for url no. 4
[I 210223 20:49:48 DataSpider:108] 4 Total number of parameters and 1 Total number of descriptions for url no. 5
[I 210223 20:49:52 DataSpider:108] 156 Total number of parameters and 1 Total number of descriptions for url no. 6
[I 210223 20:50:02 DataSpider:108] 0 Total number of parameters and 1 Total number of descriptions for url no. 7
[I 210223 20:50:03 DataSpider:108] 21 Total number of parameters and 1 Total number of descriptions for url no. 8
[I 210223 20:50:03 DataSpider:109] 8 Total number of urls scraped
[I 210223 20:54:21 DataSpider:109] 81 Total number of parameters and 1 Total number of descriptions for url no. 1
[I 210223 20:54:23 DataSpider:109] 19 Total number of parameters and 1 Total number of descriptions for url no. 2
[I 210223 20:54:27 DataSpider:109] 101 Total number of parameters and 1 Total number of descriptions for url no. 3
[I 210223 20:54:27 DataSpider:109] 6 Total number of parameters and 1 Total number of descriptions for url no. 4
[I 210223 20:54:28 DataSpider:109] 3 Total number of parameters and 1 Total number of descriptions for url no. 5
[I 210223 20:54:33 DataSpider:109] 155 Total number of parameters and 1 Total number of descriptions for url no. 6
[I 210223 20:54:44 DataSpider:109] 0 Total number of parameters and 1 Total number of descriptions for url no. 7
[I 210223 20:54:45 DataSpider:109] 20 Total number of parameters and 1 Total number of descriptions for url no. 8
[I 210223 20:54:45 DataSpider:110] 8 Total number of urls scraped
